/var/log/installer/syslog
/var/log/syslog.1
/var/log/auth.log.1
/var/log/kern.log.1
/var/log/auth.log
/var/log/syslog
/var/log/journal/85d8542c0de64963a1b2a3b7e82d1e3f/system@00059413ec68c130-425c01ac5aed7a4b.journal~
/var/log/journal/85d8542c0de64963a1b2a3b7e82d1e3f/system@00059405af44da31-f3dc05368726e663.journal~
/var/log/journal/85d8542c0de64963a1b2a3b7e82d1e3f/system@000594847f427f16-a9495455ccc9013d.journal~
/var/log/journal/85d8542c0de64963a1b2a3b7e82d1e3f/system.journal
/var/log/journal/85d8542c0de64963a1b2a3b7e82d1e3f/system@0005949c3ba79ac3-fae4c2f892f85b94.journal~
/var/log/journal/85d8542c0de64963a1b2a3b7e82d1e3f/system@1071275c5b8041b6b52c48761a7aff72-0000000000000001-000593f4de805284.journal
/var/log/journal/85d8542c0de64963a1b2a3b7e82d1e3f/user-1000@17219fb142114023a3826807b9e4a72f-000000000000187a-0005949d35a6e85c.journal
/var/log/journal/85d8542c0de64963a1b2a3b7e82d1e3f/system@0005948c7f535fa9-1b0d3e2372539b3b.journal~
/var/log/journal/85d8542c0de64963a1b2a3b7e82d1e3f/system@c3b1565c2e504f9ab50332264641df67-0000000000001879-0005949d359c4174.journal
/var/log/journal/85d8542c0de64963a1b2a3b7e82d1e3f/system@00059437a458d4ab-7a7f0c1da0aaa4c0.journal~
/var/log/journal/85d8542c0de64963a1b2a3b7e82d1e3f/system@0005944be4f5da70-c89b82d1bc9a0c5d.journal~
/var/log/journal/85d8542c0de64963a1b2a3b7e82d1e3f/system@c3b1565c2e504f9ab50332264641df67-0000000000000001-0005949c3b9c9fa4.journal
/var/log/journal/85d8542c0de64963a1b2a3b7e82d1e3f/system@00059540ebda371b-92aa0356a2fe7726.journal~
/var/log/journal/85d8542c0de64963a1b2a3b7e82d1e3f/system@00059455a349ec94-8937127325c681dd.journal~
/var/log/journal/85d8542c0de64963a1b2a3b7e82d1e3f/system@d609d1a8c33042048b2994997cbb7ea2-0000000000000001-00059540ebca668a.journal
/var/log/kern.log
