Oct 24 14:04:56 gheman-PC /usr/lib/gdm3/gdm-x-session[1388]: (Information) config/udev: removing device 2.4G Mouse
Oct 24 14:04:56 gheman-PC /usr/lib/gdm3/gdm-x-session[1388]: (Information) event5  - 2.4G Mouse: device removed
Oct 24 14:04:56 gheman-PC /usr/lib/gdm3/gdm-x-session[1388]: (Information) UnloadModule: "libinput"
Oct 24 14:04:56 gheman-PC /usr/lib/gdm3/gdm-x-session[1388]: (Information) systemd-logind: releasing fd for 13:69
Oct 24 14:04:57 gheman-PC /usr/lib/gdm3/gdm-x-session[1388]: (Information) config/udev: Adding input device 2.4G Mouse (/dev/input/mouse0)
Oct 24 14:04:57 gheman-PC /usr/lib/gdm3/gdm-x-session[1388]: (Information) No input driver specified, ignoring this device.
Oct 24 14:04:57 gheman-PC /usr/lib/gdm3/gdm-x-session[1388]: (Information) This device may have been added with another device file.
Oct 24 14:04:57 gheman-PC /usr/lib/gdm3/gdm-x-session[1388]: (Information) config/udev: Adding input device 2.4G Mouse (/dev/input/event5)
Oct 24 14:04:57 gheman-PC /usr/lib/gdm3/gdm-x-session[1388]: (Information) Using input driver 'libinput' for '2.4G Mouse'
Oct 24 14:04:57 gheman-PC /usr/lib/gdm3/gdm-x-session[1388]: (Information) systemd-logind: got fd for /dev/input/event5 13:69 fd 73 paused 0
Oct 24 14:04:57 gheman-PC /usr/lib/gdm3/gdm-x-session[1388]: (Information) event5  - 2.4G Mouse: is tagged by udev as: Mouse
Oct 24 14:04:57 gheman-PC /usr/lib/gdm3/gdm-x-session[1388]: (Information) event5  - 2.4G Mouse: device is a pointer
Oct 24 14:04:57 gheman-PC /usr/lib/gdm3/gdm-x-session[1388]: (Information) event5  - 2.4G Mouse: device removed
Oct 24 14:04:57 gheman-PC /usr/lib/gdm3/gdm-x-session[1388]: (Information) XINPUT: Adding extended input device "2.4G Mouse" (type: MOUSE, id 10)
Oct 24 14:04:57 gheman-PC /usr/lib/gdm3/gdm-x-session[1388]: (Information) event5  - 2.4G Mouse: is tagged by udev as: Mouse
Oct 24 14:04:57 gheman-PC /usr/lib/gdm3/gdm-x-session[1388]: (Information) event5  - 2.4G Mouse: device is a pointer
Oct 24 14:04:57 gheman-PC /usr/lib/gdm3/gdm-x-session[1388]: (Information) config/udev: Adding input device 2.4G Mouse (/dev/input/event4)
Oct 24 14:04:57 gheman-PC /usr/lib/gdm3/gdm-x-session[1388]: (Information) No input driver specified, ignoring this device.
Oct 24 14:04:57 gheman-PC /usr/lib/gdm3/gdm-x-session[1388]: (Information) This device may have been added with another device file.
Oct 24 14:12:33 gheman-PC /usr/lib/gdm3/gdm-x-session[1388]: (Information) Axis 0x1 value 1240 is outside expected range [1248, 4757]
Oct 24 15:05:40 gheman-PC /usr/lib/gdm3/gdm-x-session[1388]: (Information) Axis 0x1 value 4838 is outside expected range [1248, 4757]
Oct 24 15:57:38 gheman-PC /usr/lib/gdm3/gdm-x-session[1388]: (Information) Axis 0x1 value 1233 is outside expected range [1248, 4757]
Oct 24 16:35:48 gheman-PC /usr/lib/gdm3/gdm-x-session[1388]: (Information) event2  - Power Button: device removed
Oct 24 16:35:48 gheman-PC /usr/lib/gdm3/gdm-x-session[1388]: (Information) event10 - Video Bus: device removed
Oct 24 16:35:48 gheman-PC /usr/lib/gdm3/gdm-x-session[1388]: (Information) event9  - Video Bus: device removed
Oct 24 16:35:48 gheman-PC /usr/lib/gdm3/gdm-x-session[1388]: (Information) event1  - Power Button: device removed
Oct 24 16:35:48 gheman-PC /usr/lib/gdm3/gdm-x-session[1388]: (Information) event8  - HP Webcam-101: HP Webcam-101: device removed
Oct 24 16:35:48 gheman-PC /usr/lib/gdm3/gdm-x-session[1388]: (Information) event3  - AT Translated Set 2 keyboard: device removed
Oct 24 16:35:48 gheman-PC /usr/lib/gdm3/gdm-x-session[1388]: (Information) event6  - SynPS/2 Synaptics TouchPad: device removed
Oct 24 16:35:48 gheman-PC /usr/lib/gdm3/gdm-x-session[1388]: (Information) event7  - HP WMI hotkeys: device removed
Oct 24 16:35:48 gheman-PC /usr/lib/gdm3/gdm-x-session[1388]: (Information) event5  - 2.4G Mouse: device removed
Oct 24 16:35:48 gheman-PC /usr/lib/gdm3/gdm-x-session[1388]: (Information) UnloadModule: "libinput"
Oct 24 16:35:48 gheman-PC /usr/lib/gdm3/gdm-x-session[1388]: (Information) systemd-logind: releasing fd for 13:69
Oct 24 16:35:48 gheman-PC /usr/lib/gdm3/gdm-x-session[1388]: (Information) UnloadModule: "libinput"
Oct 24 16:35:48 gheman-PC /usr/lib/gdm3/gdm-x-session[1388]: (Information) systemd-logind: releasing fd for 13:71
Oct 24 16:35:48 gheman-PC /usr/lib/gdm3/gdm-x-session[1388]: (Information) UnloadModule: "libinput"
Oct 24 16:35:48 gheman-PC /usr/lib/gdm3/gdm-x-session[1388]: (Information) systemd-logind: releasing fd for 13:70
Oct 24 16:35:48 gheman-PC /usr/lib/gdm3/gdm-x-session[1388]: (Information) UnloadModule: "libinput"
Oct 24 16:35:48 gheman-PC /usr/lib/gdm3/gdm-x-session[1388]: (Information) systemd-logind: releasing fd for 13:67
Oct 24 16:35:48 gheman-PC /usr/lib/gdm3/gdm-x-session[1388]: (Information) UnloadModule: "libinput"
Oct 24 16:35:48 gheman-PC /usr/lib/gdm3/gdm-x-session[1388]: (Information) systemd-logind: releasing fd for 13:72
Oct 24 16:35:48 gheman-PC /usr/lib/gdm3/gdm-x-session[1388]: (Information) UnloadModule: "libinput"
Oct 24 16:35:48 gheman-PC /usr/lib/gdm3/gdm-x-session[1388]: (Information) systemd-logind: releasing fd for 13:65
Oct 24 16:35:48 gheman-PC /usr/lib/gdm3/gdm-x-session[1388]: (Information) UnloadModule: "libinput"
Oct 24 16:35:48 gheman-PC /usr/lib/gdm3/gdm-x-session[1388]: (Information) systemd-logind: releasing fd for 13:73
Oct 24 16:35:48 gheman-PC /usr/lib/gdm3/gdm-x-session[1388]: (Information) UnloadModule: "libinput"
Oct 24 16:35:48 gheman-PC /usr/lib/gdm3/gdm-x-session[1388]: (Information) systemd-logind: releasing fd for 13:74
Oct 24 16:35:48 gheman-PC /usr/lib/gdm3/gdm-x-session[1388]: (Information) UnloadModule: "libinput"
Oct 24 16:35:48 gheman-PC /usr/lib/gdm3/gdm-x-session[1388]: (Information) systemd-logind: releasing fd for 13:66
Oct 24 20:25:41 gheman-PC /usr/lib/gdm3/gdm-x-session[1466]: #011(++) from command line, (!!) notice, (Information) informational,
Oct 24 20:25:41 gheman-PC /usr/lib/gdm3/gdm-x-session[1466]: (Information) The server relies on udev to provide the list of input devices.
Oct 24 20:25:41 gheman-PC /usr/lib/gdm3/gdm-x-session[1466]: (Information) Loader magic: 0x55e3eaf68020
Oct 24 20:25:41 gheman-PC /usr/lib/gdm3/gdm-x-session[1466]: (Information) Module ABI versions:
Oct 24 20:25:41 gheman-PC /usr/lib/gdm3/gdm-x-session[1466]: (Information) systemd-logind: took control of session /org/freedesktop/login1/session/_32
Oct 24 20:25:41 gheman-PC /usr/lib/gdm3/gdm-x-session[1466]: (Information) xfree86: Adding drm device (/dev/dri/card0)
Oct 24 20:25:41 gheman-PC /usr/lib/gdm3/gdm-x-session[1466]: (Information) systemd-logind: got fd for /dev/dri/card0 226:0 fd 12 paused 0
Oct 24 20:25:41 gheman-PC /usr/lib/gdm3/gdm-x-session[1466]: (Information) xfree86: Adding drm device (/dev/dri/card1)
Oct 24 20:25:41 gheman-PC /usr/lib/gdm3/gdm-x-session[1466]: (Information) systemd-logind: got fd for /dev/dri/card1 226:1 fd 13 paused 0
Oct 24 20:25:41 gheman-PC /usr/lib/gdm3/gdm-x-session[1466]: (Information) LoadModule: "glx"
Oct 24 20:25:41 gheman-PC /usr/lib/gdm3/gdm-x-session[1466]: (Information) Loading /usr/lib/xorg/modules/extensions/libglx.so
Oct 24 20:25:41 gheman-PC /usr/lib/gdm3/gdm-x-session[1466]: (Information) Module glx: vendor="X.Org Foundation"
Oct 24 20:25:41 gheman-PC /usr/lib/gdm3/gdm-x-session[1466]: (Information) Applying OutputClass "Radeon" to /dev/dri/card0
Oct 24 20:25:41 gheman-PC /usr/lib/gdm3/gdm-x-session[1466]: (Information) LoadModule: "radeon"
Oct 24 20:25:41 gheman-PC /usr/lib/gdm3/gdm-x-session[1466]: (Information) Loading /usr/lib/xorg/modules/drivers/radeon_drv.so
Oct 24 20:25:41 gheman-PC /usr/lib/gdm3/gdm-x-session[1466]: (Information) Module radeon: vendor="X.Org Foundation"
Oct 24 20:25:41 gheman-PC /usr/lib/gdm3/gdm-x-session[1466]: (Information) LoadModule: "ati"
Oct 24 20:25:41 gheman-PC /usr/lib/gdm3/gdm-x-session[1466]: (Information) Loading /usr/lib/xorg/modules/drivers/ati_drv.so
Oct 24 20:25:41 gheman-PC /usr/lib/gdm3/gdm-x-session[1466]: (Information) Module ati: vendor="X.Org Foundation"
Oct 24 20:25:41 gheman-PC /usr/lib/gdm3/gdm-x-session[1466]: (Information) LoadModule: "modesetting"
Oct 24 20:25:41 gheman-PC /usr/lib/gdm3/gdm-x-session[1466]: (Information) Loading /usr/lib/xorg/modules/drivers/modesetting_drv.so
Oct 24 20:25:41 gheman-PC /usr/lib/gdm3/gdm-x-session[1466]: (Information) Module modesetting: vendor="X.Org Foundation"
Oct 24 20:25:41 gheman-PC /usr/lib/gdm3/gdm-x-session[1466]: (Information) LoadModule: "fbdev"
Oct 24 20:25:41 gheman-PC /usr/lib/gdm3/gdm-x-session[1466]: (Information) Loading /usr/lib/xorg/modules/drivers/fbdev_drv.so
Oct 24 20:25:41 gheman-PC /usr/lib/gdm3/gdm-x-session[1466]: (Information) Module fbdev: vendor="X.Org Foundation"
Oct 24 20:25:41 gheman-PC /usr/lib/gdm3/gdm-x-session[1466]: (Information) LoadModule: "vesa"
Oct 24 20:25:41 gheman-PC /usr/lib/gdm3/gdm-x-session[1466]: (Information) Loading /usr/lib/xorg/modules/drivers/vesa_drv.so
Oct 24 20:25:41 gheman-PC /usr/lib/gdm3/gdm-x-session[1466]: (Information) Module vesa: vendor="X.Org Foundation"
Oct 24 20:25:41 gheman-PC /usr/lib/gdm3/gdm-x-session[1466]: (Information) RADEON: Driver for ATI/AMD Radeon chipsets:
Oct 24 20:25:41 gheman-PC /usr/lib/gdm3/gdm-x-session[1466]: #011MULLINS, KAVERI, HAWAInformation
Oct 24 20:25:41 gheman-PC /usr/lib/gdm3/gdm-x-session[1466]: (Information) modesetting: Driver for Modesetting Kernel Drivers: kms
Oct 24 20:25:41 gheman-PC /usr/lib/gdm3/gdm-x-session[1466]: (Information) FBDEV: driver for framebuffer: fbdev
Oct 24 20:25:41 gheman-PC /usr/lib/gdm3/gdm-x-session[1466]: (Information) VESA: driver for VESA chipsets: vesa
Oct 24 20:25:41 gheman-PC /usr/lib/gdm3/gdm-x-session[1466]: (Information) modeset(0): using drv /dev/dri/card1
Oct 24 20:25:41 gheman-PC /usr/lib/gdm3/gdm-x-session[1466]: (Information) Loading sub module "fbdevhw"
Oct 24 20:25:41 gheman-PC /usr/lib/gdm3/gdm-x-session[1466]: (Information) LoadModule: "fbdevhw"
Oct 24 20:25:41 gheman-PC /usr/lib/gdm3/gdm-x-session[1466]: (Information) Loading /usr/lib/xorg/modules/libfbdevhw.so
Oct 24 20:25:41 gheman-PC /usr/lib/gdm3/gdm-x-session[1466]: (Information) Module fbdevhw: vendor="X.Org Foundation"
Oct 24 20:25:41 gheman-PC /usr/lib/gdm3/gdm-x-session[1466]: (Information) [KMS] Kernel modesetting enabled.
Oct 24 20:25:41 gheman-PC /usr/lib/gdm3/gdm-x-session[1466]: (Information) modeset(0): Creating default Display subsection in Screen section
Oct 24 20:25:41 gheman-PC /usr/lib/gdm3/gdm-x-session[1466]: (Information) Loading sub module "glamoregl"
Oct 24 20:25:41 gheman-PC /usr/lib/gdm3/gdm-x-session[1466]: (Information) LoadModule: "glamoregl"
Oct 24 20:25:41 gheman-PC /usr/lib/gdm3/gdm-x-session[1466]: (Information) Loading /usr/lib/xorg/modules/libglamoregl.so
Oct 24 20:25:41 gheman-PC /usr/lib/gdm3/gdm-x-session[1466]: (Information) Module glamoregl: vendor="X.Org Foundation"
Oct 24 20:25:41 gheman-PC /usr/lib/gdm3/gdm-x-session[1466]: (Information) modeset(0): glamor X acceleration enabled on Mesa DRI Intel(R) Sandybridge Mobile
Oct 24 20:25:41 gheman-PC /usr/lib/gdm3/gdm-x-session[1466]: (Information) modeset(0): glamor initialized
Oct 24 20:25:41 gheman-PC /usr/lib/gdm3/gdm-x-session[1466]: (Information) modeset(0): Output LVDS-1 has no monitor section
Oct 24 20:25:41 gheman-PC /usr/lib/gdm3/gdm-x-session[1466]: (Information) modeset(0): Output VGA-1 has no monitor section
Oct 24 20:25:41 gheman-PC /usr/lib/gdm3/gdm-x-session[1466]: (Information) modeset(0): Output HDMI-1 has no monitor section
Oct 24 20:25:41 gheman-PC /usr/lib/gdm3/gdm-x-session[1466]: (Information) modeset(0): Output DP-1 has no monitor section
Oct 24 20:25:41 gheman-PC /usr/lib/gdm3/gdm-x-session[1466]: (Information) modeset(0): EDID for output LVDS-1
Oct 24 20:25:41 gheman-PC /usr/lib/gdm3/gdm-x-session[1466]: (Information) modeset(0): Manufacturer: AUO  Model: 22ec  Serial#: 0
Oct 24 20:25:41 gheman-PC /usr/lib/gdm3/gdm-x-session[1466]: (Information) modeset(0): Year: 2009  Week: 1
Oct 24 20:25:41 gheman-PC /usr/lib/gdm3/gdm-x-session[1466]: (Information) modeset(0): EDID Version: 1.3
Oct 24 20:25:41 gheman-PC /usr/lib/gdm3/gdm-x-session[1466]: (Information) modeset(0): Digital Display Input
Oct 24 20:25:41 gheman-PC /usr/lib/gdm3/gdm-x-session[1466]: (Information) modeset(0): Max Image Size [cm]: horiz.: 34  vert.: 19
Oct 24 20:25:41 gheman-PC /usr/lib/gdm3/gdm-x-session[1466]: (Information) modeset(0): Gamma: 2.20
Oct 24 20:25:41 gheman-PC /usr/lib/gdm3/gdm-x-session[1466]: (Information) modeset(0): No DPMS capabilities specified
Oct 24 20:25:41 gheman-PC /usr/lib/gdm3/gdm-x-session[1466]: (Information) modeset(0): Supported color encodings: RGB 4:4:4 YCrCb 4:4:4
Oct 24 20:25:41 gheman-PC /usr/lib/gdm3/gdm-x-session[1466]: (Information) modeset(0): First detailed timing is preferred mode
Oct 24 20:25:41 gheman-PC /usr/lib/gdm3/gdm-x-session[1466]: (Information) modeset(0): redX: 0.620 redY: 0.340   greenX: 0.330 greenY: 0.570
Oct 24 20:25:41 gheman-PC /usr/lib/gdm3/gdm-x-session[1466]: (Information) modeset(0): blueX: 0.150 blueY: 0.060   whiteX: 0.313 whiteY: 0.329
Oct 24 20:25:41 gheman-PC /usr/lib/gdm3/gdm-x-session[1466]: (Information) modeset(0): Manufacturer's mask: 0
Oct 24 20:25:41 gheman-PC /usr/lib/gdm3/gdm-x-session[1466]: (Information) modeset(0): Supported detailed timing:
Oct 24 20:25:41 gheman-PC /usr/lib/gdm3/gdm-x-session[1466]: (Information) modeset(0): clock: 69.3 MHz   Image Size:  344 x 193 mm
Oct 24 20:25:41 gheman-PC /usr/lib/gdm3/gdm-x-session[1466]: (Information) modeset(0): h_active: 1366  h_sync: 1398  h_sync_end 1422 h_blank_end 1432 h_border: 0
Oct 24 20:25:41 gheman-PC /usr/lib/gdm3/gdm-x-session[1466]: (Information) modeset(0): v_active: 768  v_sync: 771  v_sync_end 775 v_blanking: 806 v_border: 0
Oct 24 20:25:41 gheman-PC /usr/lib/gdm3/gdm-x-session[1466]: (Information) modeset(0): Unknown vendor-specific block f
Oct 24 20:25:41 gheman-PC /usr/lib/gdm3/gdm-x-session[1466]: (Information) modeset(0):  AUO
Oct 24 20:25:41 gheman-PC /usr/lib/gdm3/gdm-x-session[1466]: (Information) modeset(0):  B156XW02 V2
Oct 24 20:25:41 gheman-PC /usr/lib/gdm3/gdm-x-session[1466]: (Information) modeset(0): EDID (in hex):
Oct 24 20:25:41 gheman-PC /usr/lib/gdm3/gdm-x-session[1466]: (Information) modeset(0): #01100ffffffffffff0006afec2200000000
Oct 24 20:25:41 gheman-PC /usr/lib/gdm3/gdm-x-session[1466]: (Information) modeset(0): #01101130103802213780ac8959e57549226
Oct 24 20:25:41 gheman-PC /usr/lib/gdm3/gdm-x-session[1466]: (Information) modeset(0): #0110f505400000001010101010101010101
Oct 24 20:25:41 gheman-PC /usr/lib/gdm3/gdm-x-session[1466]: (Information) modeset(0): #011010101010101121b5642500026302018
Oct 24 20:25:41 gheman-PC /usr/lib/gdm3/gdm-x-session[1466]: (Information) modeset(0): #011340058c1100000180000000f00000000
Oct 24 20:25:41 gheman-PC /usr/lib/gdm3/gdm-x-session[1466]: (Information) modeset(0): #01100000000000000000020000000fe0041
Oct 24 20:25:41 gheman-PC /usr/lib/gdm3/gdm-x-session[1466]: (Information) modeset(0): #011554f0a202020202020202020000000fe
Oct 24 20:25:41 gheman-PC /usr/lib/gdm3/gdm-x-session[1466]: (Information) modeset(0): #011004231353658573032205632200a00c0
Oct 24 20:25:41 gheman-PC /usr/lib/gdm3/gdm-x-session[1466]: (Information) modeset(0): Printing probed modes for output LVDS-1
Oct 24 20:25:41 gheman-PC /usr/lib/gdm3/gdm-x-session[1466]: (Information) modeset(0): Modeline "1366x768"x60.0   69.30  1366 1398 1422 1432  768 771 775 806 -hsync -vsync (48.4 kHz eP)
Oct 24 20:25:41 gheman-PC /usr/lib/gdm3/gdm-x-session[1466]: (Information) modeset(0): Modeline "1360x768"x59.8   84.75  1360 1432 1568 1776  768 771 781 798 -hsync +vsync (47.7 kHz d)
Oct 24 20:25:41 gheman-PC /usr/lib/gdm3/gdm-x-session[1466]: (Information) modeset(0): Modeline "1360x768"x60.0   72.00  1360 1408 1440 1520  768 771 781 790 +hsync -vsync (47.4 kHz d)
Oct 24 20:25:41 gheman-PC /usr/lib/gdm3/gdm-x-session[1466]: (Information) modeset(0): Modeline "1280x720"x120.0  156.12  1280 1376 1512 1744  720 721 724 746 doublescan -hsync +vsync (89.5 kHz d)
Oct 24 20:25:41 gheman-PC /usr/lib/gdm3/gdm-x-session[1466]: (Information) modeset(0): Modeline "1280x720"x120.0  120.75  1280 1304 1320 1360  720 721 724 740 doublescan +hsync -vsync (88.8 kHz d)
Oct 24 20:25:41 gheman-PC /usr/lib/gdm3/gdm-x-session[1466]: (Information) modeset(0): Modeline "1280x720"x59.9   74.50  1280 1344 1472 1664  720 723 728 748 -hsync +vsync (44.8 kHz d)
Oct 24 20:25:41 gheman-PC /usr/lib/gdm3/gdm-x-session[1466]: (Information) modeset(0): Modeline "1280x720"x59.7   63.75  1280 1328 1360 1440  720 723 728 741 +hsync -vsync (44.3 kHz d)
Oct 24 20:25:41 gheman-PC /usr/lib/gdm3/gdm-x-session[1466]: (Information) modeset(0): Modeline "1024x768"x120.1  133.47  1024 1100 1212 1400  768 768 770 794 doublescan -hsync +vsync (95.3 kHz d)
Oct 24 20:25:41 gheman-PC /usr/lib/gdm3/gdm-x-session[1466]: (Information) modeset(0): Modeline "1024x768"x60.0   65.00  1024 1048 1184 1344  768 771 777 806 -hsync -vsync (48.4 kHz d)
Oct 24 20:25:41 gheman-PC /usr/lib/gdm3/gdm-x-session[1466]: (Information) modeset(0): Modeline "960x720"x120.0  117.00  960 1024 1128 1300  720 720 722 750 doublescan -hsync +vsync (90.0 kHz d)
Oct 24 20:25:41 gheman-PC /usr/lib/gdm3/gdm-x-session[1466]: (Information) modeset(0): Modeline "928x696"x120.1  109.15  928 976 1088 1264  696 696 698 719 doublescan -hsync +vsync (86.4 kHz d)
Oct 24 20:25:41 gheman-PC /usr/lib/gdm3/gdm-x-session[1466]: (Information) modeset(0): Modeline "896x672"x120.0  102.40  896 960 1060 1224  672 672 674 697 doublescan -hsync +vsync (83.7 kHz d)
Oct 24 20:25:41 gheman-PC /usr/lib/gdm3/gdm-x-session[1466]: (Information) modeset(0): Modeline "1024x576"x119.9   98.50  1024 1092 1200 1376  576 577 580 597 doublescan -hsync +vsync (71.6 kHz d)
Oct 24 20:25:41 gheman-PC /usr/lib/gdm3/gdm-x-session[1466]: (Information) modeset(0): Modeline "1024x576"x119.9   78.38  1024 1048 1064 1104  576 577 580 592 doublescan +hsync -vsync (71.0 kHz d)
Oct 24 20:25:41 gheman-PC /usr/lib/gdm3/gdm-x-session[1466]: (Information) modeset(0): Modeline "1024x576"x59.9   46.50  1024 1064 1160 1296  576 579 584 599 -hsync +vsync (35.9 kHz d)
Oct 24 20:25:41 gheman-PC /usr/lib/gdm3/gdm-x-session[1466]: (Information) modeset(0): Modeline "1024x576"x59.8   42.00  1024 1072 1104 1184  576 579 584 593 +hsync -vsync (35.5 kHz d)
Oct 24 20:25:41 gheman-PC /usr/lib/gdm3/gdm-x-session[1466]: (Information) modeset(0): Modeline "960x600"x119.9   96.62  960 1028 1128 1296  600 601 604 622 doublescan -hsync +vsync (74.6 kHz d)
Oct 24 20:25:41 gheman-PC /usr/lib/gdm3/gdm-x-session[1466]: (Information) modeset(0): Modeline "960x600"x120.0   77.00  960 984 1000 1040  600 601 604 617 doublescan +hsync -vsync (74.0 kHz d)
Oct 24 20:25:41 gheman-PC /usr/lib/gdm3/gdm-x-session[1466]: (Information) modeset(0): Modeline "960x540"x119.9   86.50  960 1024 1124 1288  540 541 544 560 doublescan -hsync +vsync (67.2 kHz d)
Oct 24 20:25:41 gheman-PC /usr/lib/gdm3/gdm-x-session[1466]: (Information) modeset(0): Modeline "960x540"x120.0   69.25  960 984 1000 1040  540 541 544 555 doublescan +hsync -vsync (66.6 kHz d)
Oct 24 20:25:41 gheman-PC /usr/lib/gdm3/gdm-x-session[1466]: (Information) modeset(0): Modeline "960x540"x59.6   40.75  960 992 1088 1216  540 543 548 562 -hsync +vsync (33.5 kHz d)
Oct 24 20:25:41 gheman-PC /usr/lib/gdm3/gdm-x-session[1466]: (Information) modeset(0): Modeline "960x540"x59.8   37.25  960 1008 1040 1120  540 543 548 556 +hsync -vsync (33.3 kHz d)
Oct 24 20:25:41 gheman-PC /usr/lib/gdm3/gdm-x-session[1466]: (Information) modeset(0): Modeline "800x600"x120.0   81.00  800 832 928 1080  600 600 602 625 doublescan +hsync +vsync (75.0 kHz d)
Oct 24 20:25:41 gheman-PC /usr/lib/gdm3/gdm-x-session[1466]: (Information) modeset(0): Modeline "800x600"x60.3   40.00  800 840 968 1056  600 601 605 628 +hsync +vsync (37.9 kHz d)
Oct 24 20:25:41 gheman-PC /usr/lib/gdm3/gdm-x-session[1466]: (Information) modeset(0): Modeline "800x600"x56.2   36.00  800 824 896 1024  600 601 603 625 +hsync +vsync (35.2 kHz d)
Oct 24 20:25:41 gheman-PC /usr/lib/gdm3/gdm-x-session[1466]: (Information) modeset(0): Modeline "840x525"x120.0   73.12  840 892 980 1120  525 526 529 544 doublescan -hsync +vsync (65.3 kHz d)
Oct 24 20:25:41 gheman-PC /usr/lib/gdm3/gdm-x-session[1466]: (Information) modeset(0): Modeline "840x525"x119.8   59.50  840 864 880 920  525 526 529 540 doublescan +hsync -vsync (64.7 kHz d)
Oct 24 20:25:41 gheman-PC /usr/lib/gdm3/gdm-x-session[1466]: (Information) modeset(0): Modeline "864x486"x59.9   32.50  864 888 968 1072  486 489 494 506 -hsync +vsync (30.3 kHz d)
Oct 24 20:25:41 gheman-PC /usr/lib/gdm3/gdm-x-session[1466]: (Information) modeset(0): Modeline "864x486"x59.6   30.50  864 912 944 1024  486 489 494 500 +hsync -vsync (29.8 kHz d)
Oct 24 20:25:41 gheman-PC /usr/lib/gdm3/gdm-x-session[1466]: (Information) modeset(0): Modeline "800x512"x120.3   51.56  800 800 828 832  512 512 514 515 doublescan +hsync +vsync (62.0 kHz d)
Oct 24 20:25:41 gheman-PC /usr/lib/gdm3/gdm-x-session[1466]: (Information) modeset(0): Modeline "700x525"x120.0   61.00  700 744 820 940  525 526 532 541 doublescan +hsync +vsync (64.9 kHz d)
Oct 24 20:25:41 gheman-PC /usr/lib/gdm3/gdm-x-session[1466]: (Information) modeset(0): Modeline "800x450"x119.9   59.12  800 848 928 1056  450 451 454 467 doublescan -hsync +vsync (56.0 kHz d)
Oct 24 20:25:41 gheman-PC /usr/lib/gdm3/gdm-x-session[1466]: (Information) modeset(0): Modeline "800x450"x119.6   48.75  800 824 840 880  450 451 454 463 doublescan +hsync -vsync (55.4 kHz d)
Oct 24 20:25:41 gheman-PC /usr/lib/gdm3/gdm-x-session[1466]: (Information) modeset(0): Modeline "640x512"x120.0   54.00  640 664 720 844  512 512 514 533 doublescan +hsync +vsync (64.0 kHz d)
Oct 24 20:25:41 gheman-PC /usr/lib/gdm3/gdm-x-session[1466]: (Information) modeset(0): Modeline "720x450"x119.8   53.25  720 760 836 952  450 451 454 467 doublescan -hsync +vsync (55.9 kHz d)
Oct 24 20:25:41 gheman-PC /usr/lib/gdm3/gdm-x-session[1466]: (Information) modeset(0): Modeline "700x450"x119.9   51.75  700 740 812 924  450 451 456 467 doublescan -hsync +vsync (56.0 kHz d)
Oct 24 20:25:41 gheman-PC /usr/lib/gdm3/gdm-x-session[1466]: (Information) modeset(0): Modeline "700x450"x119.8   43.25  700 724 740 780  450 451 456 463 doublescan +hsync -vsync (55.4 kHz d)
Oct 24 20:25:41 gheman-PC /usr/lib/gdm3/gdm-x-session[1466]: (Information) modeset(0): Modeline "640x480"x120.0   54.00  640 688 744 900  480 480 482 500 doublescan +hsync +vsync (60.0 kHz d)
Oct 24 20:25:41 gheman-PC /usr/lib/gdm3/gdm-x-session[1466]: (Information) modeset(0): Modeline "640x480"x59.9   25.18  640 656 752 800  480 490 492 525 -hsync -vsync (31.5 kHz d)
Oct 24 20:25:41 gheman-PC /usr/lib/gdm3/gdm-x-session[1466]: (Information) modeset(0): Modeline "720x405"x59.5   22.50  720 744 808 896  405 408 413 422 -hsync +vsync (25.1 kHz d)
Oct 24 20:25:41 gheman-PC /usr/lib/gdm3/gdm-x-session[1466]: (Information) modeset(0): Modeline "720x405"x59.0   21.75  720 768 800 880  405 408 413 419 +hsync -vsync (24.7 kHz d)
Oct 24 20:25:41 gheman-PC /usr/lib/gdm3/gdm-x-session[1466]: (Information) modeset(0): Modeline "684x384"x119.8   42.62  684 720 788 892  384 385 390 399 doublescan -hsync +vsync (47.8 kHz d)
Oct 24 20:25:41 gheman-PC /usr/lib/gdm3/gdm-x-session[1466]: (Information) modeset(0): Modeline "684x384"x119.7   36.12  684 708 724 764  384 385 390 395 doublescan +hsync -vsync (47.3 kHz d)
Oct 24 20:25:41 gheman-PC /usr/lib/gdm3/gdm-x-session[1466]: (Information) modeset(0): Modeline "680x384"x119.6   42.38  680 716 784 888  384 385 390 399 doublescan -hsync +vsync (47.7 kHz d)
Oct 24 20:25:41 gheman-PC /usr/lib/gdm3/gdm-x-session[1466]: (Information) modeset(0): Modeline "680x384"x119.9   36.00  680 704 720 760  384 385 390 395 doublescan +hsync -vsync (47.4 kHz d)
Oct 24 20:25:41 gheman-PC /usr/lib/gdm3/gdm-x-session[1466]: (Information) modeset(0): Modeline "640x400"x119.8   41.75  640 676 740 840  400 401 404 415 doublescan -hsync +vsync (49.7 kHz d)
Oct 24 20:25:41 gheman-PC /usr/lib/gdm3/gdm-x-session[1466]: (Information) modeset(0): Modeline "640x400"x120.0   35.50  640 664 680 720  400 401 404 411 doublescan +hsync -vsync (49.3 kHz d)
Oct 24 20:25:41 gheman-PC /usr/lib/gdm3/gdm-x-session[1466]: (Information) modeset(0): Modeline "576x432"x120.1   40.81  576 608 668 760  432 432 434 447 doublescan -hsync +vsync (53.7 kHz d)
Oct 24 20:25:41 gheman-PC /usr/lib/gdm3/gdm-x-session[1466]: (Information) modeset(0): Modeline "640x360"x119.7   37.25  640 672 736 832  360 361 364 374 doublescan -hsync +vsync (44.8 kHz d)
Oct 24 20:25:41 gheman-PC /usr/lib/gdm3/gdm-x-session[1466]: (Information) modeset(0): Modeline "640x360"x119.7   31.88  640 664 680 720  360 361 364 370 doublescan +hsync -vsync (44.3 kHz d)
Oct 24 20:25:41 gheman-PC /usr/lib/gdm3/gdm-x-session[1466]: (Information) modeset(0): Modeline "640x360"x59.8   18.00  640 664 720 800  360 363 368 376 -hsync +vsync (22.5 kHz d)
Oct 24 20:25:41 gheman-PC /usr/lib/gdm3/gdm-x-session[1466]: (Information) modeset(0): Modeline "640x360"x59.3   17.75  640 688 720 800  360 363 368 374 +hsync -vsync (22.2 kHz d)
Oct 24 20:25:41 gheman-PC /usr/lib/gdm3/gdm-x-session[1466]: (Information) modeset(0): Modeline "512x384"x120.0   32.50  512 524 592 672  384 385 388 403 doublescan -hsync -vsync (48.4 kHz d)
Oct 24 20:25:41 gheman-PC /usr/lib/gdm3/gdm-x-session[1466]: (Information) modeset(0): Modeline "512x288"x120.0   23.25  512 532 580 648  288 289 292 299 doublescan -hsync +vsync (35.9 kHz d)
Oct 24 20:25:41 gheman-PC /usr/lib/gdm3/gdm-x-session[1466]: (Information) modeset(0): Modeline "512x288"x119.8   21.00  512 536 552 592  288 289 292 296 doublescan +hsync -vsync (35.5 kHz d)
Oct 24 20:25:41 gheman-PC /usr/lib/gdm3/gdm-x-session[1466]: (Information) modeset(0): Modeline "480x270"x119.3   20.38  480 496 544 608  270 271 274 281 doublescan -hsync +vsync (33.5 kHz d)
Oct 24 20:25:41 gheman-PC /usr/lib/gdm3/gdm-x-session[1466]: (Information) modeset(0): Modeline "480x270"x119.6   18.62  480 504 520 560  270 271 274 278 doublescan +hsync -vsync (33.3 kHz d)
Oct 24 20:25:41 gheman-PC /usr/lib/gdm3/gdm-x-session[1466]: (Information) modeset(0): Modeline "400x300"x120.6   20.00  400 420 484 528  300 300 302 314 doublescan +hsync +vsync (37.9 kHz d)
Oct 24 20:25:41 gheman-PC /usr/lib/gdm3/gdm-x-session[1466]: (Information) modeset(0): Modeline "400x300"x112.7   18.00  400 412 448 512  300 300 301 312 doublescan +hsync +vsync (35.2 kHz d)
Oct 24 20:25:41 gheman-PC /usr/lib/gdm3/gdm-x-session[1466]: (Information) modeset(0): Modeline "432x243"x119.8   16.25  432 444 484 536  243 244 247 253 doublescan -hsync +vsync (30.3 kHz d)
Oct 24 20:25:41 gheman-PC /usr/lib/gdm3/gdm-x-session[1466]: (Information) modeset(0): Modeline "432x243"x119.1   15.25  432 456 472 512  243 244 247 250 doublescan +hsync -vsync (29.8 kHz d)
Oct 24 20:25:41 gheman-PC /usr/lib/gdm3/gdm-x-session[1466]: (Information) modeset(0): Modeline "320x240"x120.1   12.59  320 328 376 400  240 245 246 262 doublescan -hsync -vsync (31.5 kHz d)
Oct 24 20:25:41 gheman-PC /usr/lib/gdm3/gdm-x-session[1466]: (Information) modeset(0): Modeline "360x202"x119.0   11.25  360 372 404 448  202 204 206 211 doublescan -hsync +vsync (25.1 kHz d)
Oct 24 20:25:41 gheman-PC /usr/lib/gdm3/gdm-x-session[1466]: (Information) modeset(0): Modeline "360x202"x118.3   10.88  360 384 400 440  202 204 206 209 doublescan +hsync -vsync (24.7 kHz d)
Oct 24 20:25:41 gheman-PC /usr/lib/gdm3/gdm-x-session[1466]: (Information) modeset(0): Modeline "320x180"x119.7    9.00  320 332 360 400  180 181 184 188 doublescan -hsync +vsync (22.5 kHz d)
Oct 24 20:25:41 gheman-PC /usr/lib/gdm3/gdm-x-session[1466]: (Information) modeset(0): Modeline "320x180"x118.6    8.88  320 344 360 400  180 181 184 187 doublescan +hsync -vsync (22.2 kHz d)
Oct 24 20:25:41 gheman-PC /usr/lib/gdm3/gdm-x-session[1466]: (Information) modeset(0): EDID for output VGA-1
Oct 24 20:25:41 gheman-PC /usr/lib/gdm3/gdm-x-session[1466]: (Information) modeset(0): EDID for output HDMI-1
Oct 24 20:25:41 gheman-PC /usr/lib/gdm3/gdm-x-session[1466]: (Information) modeset(0): EDID for output DP-1
Oct 24 20:25:41 gheman-PC /usr/lib/gdm3/gdm-x-session[1466]: (Information) modeset(0): Output LVDS-1 connected
Oct 24 20:25:41 gheman-PC /usr/lib/gdm3/gdm-x-session[1466]: (Information) modeset(0): Output VGA-1 disconnected
Oct 24 20:25:41 gheman-PC /usr/lib/gdm3/gdm-x-session[1466]: (Information) modeset(0): Output HDMI-1 disconnected
Oct 24 20:25:41 gheman-PC /usr/lib/gdm3/gdm-x-session[1466]: (Information) modeset(0): Output DP-1 disconnected
Oct 24 20:25:41 gheman-PC /usr/lib/gdm3/gdm-x-session[1466]: (Information) modeset(0): Using exact sizes for initial modes
Oct 24 20:25:41 gheman-PC /usr/lib/gdm3/gdm-x-session[1466]: (Information) modeset(0): Output LVDS-1 using initial mode 1366x768 +0+0
Oct 24 20:25:41 gheman-PC /usr/lib/gdm3/gdm-x-session[1466]: (Information) Loading sub module "fb"
Oct 24 20:25:41 gheman-PC /usr/lib/gdm3/gdm-x-session[1466]: (Information) LoadModule: "fb"
Oct 24 20:25:41 gheman-PC /usr/lib/gdm3/gdm-x-session[1466]: (Information) Loading /usr/lib/xorg/modules/libfb.so
Oct 24 20:25:41 gheman-PC /usr/lib/gdm3/gdm-x-session[1466]: (Information) Module fb: vendor="X.Org Foundation"
Oct 24 20:25:41 gheman-PC /usr/lib/gdm3/gdm-x-session[1466]: (Information) RADEON(G0): Pixel depth = 24 bits stored in 4 bytes (32 bpp pixmaps)
Oct 24 20:25:41 gheman-PC /usr/lib/gdm3/gdm-x-session[1466]: (Information) RADEON(G0): Using 8 bits per RGB (8 bit DAC)
Oct 24 20:25:41 gheman-PC /usr/lib/gdm3/gdm-x-session[1466]: (Information) Loading sub module "fb"
Oct 24 20:25:41 gheman-PC /usr/lib/gdm3/gdm-x-session[1466]: (Information) LoadModule: "fb"
Oct 24 20:25:41 gheman-PC /usr/lib/gdm3/gdm-x-session[1466]: (Information) Loading /usr/lib/xorg/modules/libfb.so
Oct 24 20:25:41 gheman-PC /usr/lib/gdm3/gdm-x-session[1466]: (Information) Module fb: vendor="X.Org Foundation"
Oct 24 20:25:41 gheman-PC /usr/lib/gdm3/gdm-x-session[1466]: (Information) RADEON(G0): GPU accel disabled or not working, using shadowfb for KMS
Oct 24 20:25:41 gheman-PC /usr/lib/gdm3/gdm-x-session[1466]: (Information) Loading sub module "shadow"
Oct 24 20:25:41 gheman-PC /usr/lib/gdm3/gdm-x-session[1466]: (Information) LoadModule: "shadow"
Oct 24 20:25:41 gheman-PC /usr/lib/gdm3/gdm-x-session[1466]: (Information) Loading /usr/lib/xorg/modules/libshadow.so
Oct 24 20:25:41 gheman-PC /usr/lib/gdm3/gdm-x-session[1466]: (Information) Module shadow: vendor="X.Org Foundation"
Oct 24 20:25:41 gheman-PC /usr/lib/gdm3/gdm-x-session[1466]: (Information) RADEON(G0): KMS Color Tiling: disabled
Oct 24 20:25:41 gheman-PC /usr/lib/gdm3/gdm-x-session[1466]: (Information) RADEON(G0): KMS Color Tiling 2D: disabled
Oct 24 20:25:41 gheman-PC /usr/lib/gdm3/gdm-x-session[1466]: (Information) RADEON(G0): Output VGA-1-1 has no monitor section
Oct 24 20:25:42 gheman-PC /usr/lib/gdm3/gdm-x-session[1466]: (Information) RADEON(G0): EDID for output VGA-1-1
Oct 24 20:25:42 gheman-PC /usr/lib/gdm3/gdm-x-session[1466]: (Information) RADEON(G0): mem size init: gart size :40000000 vram size: s:10000000 visible:fe9d000
Oct 24 20:25:42 gheman-PC /usr/lib/gdm3/gdm-x-session[1466]: (Information) RADEON(G0): EXA: Driver will allow EXA pixmaps in VRAM
Oct 24 20:25:42 gheman-PC /usr/lib/gdm3/gdm-x-session[1466]: (Information) Loading sub module "ramdac"
Oct 24 20:25:42 gheman-PC /usr/lib/gdm3/gdm-x-session[1466]: (Information) LoadModule: "ramdac"
Oct 24 20:25:42 gheman-PC /usr/lib/gdm3/gdm-x-session[1466]: (Information) Module "ramdac" already built-in
Oct 24 20:25:42 gheman-PC /usr/lib/gdm3/gdm-x-session[1466]: (Information) UnloadModule: "fbdev"
Oct 24 20:25:42 gheman-PC /usr/lib/gdm3/gdm-x-session[1466]: (Information) Unloading fbdev
Oct 24 20:25:42 gheman-PC /usr/lib/gdm3/gdm-x-session[1466]: (Information) UnloadSubModule: "fbdevhw"
Oct 24 20:25:42 gheman-PC /usr/lib/gdm3/gdm-x-session[1466]: (Information) Unloading fbdevhw
Oct 24 20:25:42 gheman-PC /usr/lib/gdm3/gdm-x-session[1466]: (Information) UnloadModule: "vesa"
Oct 24 20:25:42 gheman-PC /usr/lib/gdm3/gdm-x-session[1466]: (Information) Unloading vesa
Oct 24 20:25:42 gheman-PC /usr/lib/gdm3/gdm-x-session[1466]: (Information) RADEON(G0): Front buffer size: 3072K
Oct 24 20:25:42 gheman-PC /usr/lib/gdm3/gdm-x-session[1466]: (Information) RADEON(G0): VRAM usage limit set to 231829K
Oct 24 20:25:42 gheman-PC /usr/lib/gdm3/gdm-x-session[1466]: (Information) RADEON(G0): Acceleration disabled
Oct 24 20:25:42 gheman-PC /usr/lib/gdm3/gdm-x-session[1466]: (Information) modeset(0): Initializing kms color map for depth 24, 8 bpc.
Oct 24 20:25:42 gheman-PC /usr/lib/gdm3/gdm-x-session[1466]: (Information) modeset(0): [DRI2] Setup complete
Oct 24 20:25:42 gheman-PC /usr/lib/gdm3/gdm-x-session[1466]: (Information) modeset(0): [DRI2]   DRI driver: i965
Oct 24 20:25:42 gheman-PC /usr/lib/gdm3/gdm-x-session[1466]: (Information) modeset(0): [DRI2]   VDPAU driver: i965
Oct 24 20:25:42 gheman-PC /usr/lib/gdm3/gdm-x-session[1466]: (Information) Initializing extension Generic Event Extension
Oct 24 20:25:42 gheman-PC /usr/lib/gdm3/gdm-x-session[1466]: (Information) Initializing extension SHAPE
Oct 24 20:25:42 gheman-PC /usr/lib/gdm3/gdm-x-session[1466]: (Information) Initializing extension MIT-SHM
Oct 24 20:25:42 gheman-PC /usr/lib/gdm3/gdm-x-session[1466]: (Information) Initializing extension XInputExtension
Oct 24 20:25:42 gheman-PC /usr/lib/gdm3/gdm-x-session[1466]: (Information) Initializing extension XTEST
Oct 24 20:25:42 gheman-PC /usr/lib/gdm3/gdm-x-session[1466]: (Information) Initializing extension BIG-REQUESTS
Oct 24 20:25:42 gheman-PC /usr/lib/gdm3/gdm-x-session[1466]: (Information) Initializing extension SYNC
Oct 24 20:25:42 gheman-PC /usr/lib/gdm3/gdm-x-session[1466]: (Information) Initializing extension XKEYBOARD
Oct 24 20:25:42 gheman-PC /usr/lib/gdm3/gdm-x-session[1466]: (Information) Initializing extension XC-MISC
Oct 24 20:25:42 gheman-PC /usr/lib/gdm3/gdm-x-session[1466]: (Information) Initializing extension SECURITY
Oct 24 20:25:42 gheman-PC /usr/lib/gdm3/gdm-x-session[1466]: (Information) Initializing extension XFIXES
Oct 24 20:25:42 gheman-PC /usr/lib/gdm3/gdm-x-session[1466]: (Information) Initializing extension RENDER
Oct 24 20:25:42 gheman-PC /usr/lib/gdm3/gdm-x-session[1466]: (Information) Initializing extension RANDR
Oct 24 20:25:42 gheman-PC /usr/lib/gdm3/gdm-x-session[1466]: (Information) Initializing extension COMPOSITE
Oct 24 20:25:42 gheman-PC /usr/lib/gdm3/gdm-x-session[1466]: (Information) Initializing extension DAMAGE
Oct 24 20:25:42 gheman-PC /usr/lib/gdm3/gdm-x-session[1466]: (Information) Initializing extension MIT-SCREEN-SAVER
Oct 24 20:25:42 gheman-PC /usr/lib/gdm3/gdm-x-session[1466]: (Information) Initializing extension DOUBLE-BUFFER
Oct 24 20:25:42 gheman-PC /usr/lib/gdm3/gdm-x-session[1466]: (Information) Initializing extension RECORD
Oct 24 20:25:42 gheman-PC /usr/lib/gdm3/gdm-x-session[1466]: (Information) Initializing extension DPMS
Oct 24 20:25:42 gheman-PC /usr/lib/gdm3/gdm-x-session[1466]: (Information) Initializing extension Present
Oct 24 20:25:42 gheman-PC /usr/lib/gdm3/gdm-x-session[1466]: (Information) Initializing extension DRI3
Oct 24 20:25:42 gheman-PC /usr/lib/gdm3/gdm-x-session[1466]: (Information) Initializing extension X-Resource
Oct 24 20:25:42 gheman-PC /usr/lib/gdm3/gdm-x-session[1466]: (Information) Initializing extension XVideo
Oct 24 20:25:42 gheman-PC /usr/lib/gdm3/gdm-x-session[1466]: (Information) Initializing extension XVideo-MotionCompensation
Oct 24 20:25:42 gheman-PC /usr/lib/gdm3/gdm-x-session[1466]: (Information) Initializing extension SELinux
Oct 24 20:25:42 gheman-PC /usr/lib/gdm3/gdm-x-session[1466]: (Information) SELinux: Disabled on system
Oct 24 20:25:42 gheman-PC /usr/lib/gdm3/gdm-x-session[1466]: (Information) Initializing extension GLX
Oct 24 20:25:42 gheman-PC /usr/lib/gdm3/gdm-x-session[1466]: (Information) AIGLX: Loaded and initialized i965
Oct 24 20:25:42 gheman-PC /usr/lib/gdm3/gdm-x-session[1466]: (Information) GLX: Initialized DRI2 GL provider for screen 0
Oct 24 20:25:42 gheman-PC /usr/lib/gdm3/gdm-x-session[1466]: (Information) Initializing extension XFree86-VidModeExtension
Oct 24 20:25:42 gheman-PC /usr/lib/gdm3/gdm-x-session[1466]: (Information) Initializing extension XFree86-DGA
Oct 24 20:25:42 gheman-PC /usr/lib/gdm3/gdm-x-session[1466]: (Information) Initializing extension XFree86-DRI
Oct 24 20:25:42 gheman-PC /usr/lib/gdm3/gdm-x-session[1466]: (Information) Initializing extension DRI2
Oct 24 20:25:42 gheman-PC /usr/lib/gdm3/gdm-x-session[1466]: (Information) modeset(0): Damage tracking initialized
Oct 24 20:25:42 gheman-PC /usr/lib/gdm3/gdm-x-session[1466]: (Information) modeset(0): Setting screen physical size to 361 x 203
Oct 24 20:25:42 gheman-PC /usr/lib/gdm3/gdm-x-session[1466]: (Information) config/udev: Adding input device Power Button (/dev/input/event2)
Oct 24 20:25:42 gheman-PC /usr/lib/gdm3/gdm-x-session[1466]: (Information) LoadModule: "libinput"
Oct 24 20:25:42 gheman-PC /usr/lib/gdm3/gdm-x-session[1466]: (Information) Loading /usr/lib/xorg/modules/input/libinput_drv.so
Oct 24 20:25:42 gheman-PC /usr/lib/gdm3/gdm-x-session[1466]: (Information) Module libinput: vendor="X.Org Foundation"
Oct 24 20:25:42 gheman-PC /usr/lib/gdm3/gdm-x-session[1466]: (Information) Using input driver 'libinput' for 'Power Button'
Oct 24 20:25:42 gheman-PC /usr/lib/gdm3/gdm-x-session[1466]: (Information) systemd-logind: got fd for /dev/input/event2 13:66 fd 23 paused 0
Oct 24 20:25:42 gheman-PC /usr/lib/gdm3/gdm-x-session[1466]: (Information) event2  - Power Button: is tagged by udev as: Keyboard
Oct 24 20:25:42 gheman-PC /usr/lib/gdm3/gdm-x-session[1466]: (Information) event2  - Power Button: device is a keyboard
Oct 24 20:25:42 gheman-PC /usr/lib/gdm3/gdm-x-session[1466]: (Information) event2  - Power Button: device removed
Oct 24 20:25:42 gheman-PC /usr/lib/gdm3/gdm-x-session[1466]: (Information) XINPUT: Adding extended input device "Power Button" (type: KEYBOARD, id 6)
Oct 24 20:25:42 gheman-PC /usr/lib/gdm3/gdm-x-session[1466]: (Information) event2  - Power Button: is tagged by udev as: Keyboard
Oct 24 20:25:42 gheman-PC /usr/lib/gdm3/gdm-x-session[1466]: (Information) event2  - Power Button: device is a keyboard
Oct 24 20:25:42 gheman-PC /usr/lib/gdm3/gdm-x-session[1466]: (Information) config/udev: Adding input device Video Bus (/dev/input/event9)
Oct 24 20:25:42 gheman-PC /usr/lib/gdm3/gdm-x-session[1466]: (Information) Using input driver 'libinput' for 'Video Bus'
Oct 24 20:25:42 gheman-PC /usr/lib/gdm3/gdm-x-session[1466]: (Information) systemd-logind: got fd for /dev/input/event9 13:73 fd 26 paused 0
Oct 24 20:25:42 gheman-PC /usr/lib/gdm3/gdm-x-session[1466]: (Information) event9  - Video Bus: is tagged by udev as: Keyboard
Oct 24 20:25:42 gheman-PC /usr/lib/gdm3/gdm-x-session[1466]: (Information) event9  - Video Bus: device is a keyboard
Oct 24 20:25:42 gheman-PC /usr/lib/gdm3/gdm-x-session[1466]: (Information) event9  - Video Bus: device removed
Oct 24 20:25:42 gheman-PC /usr/lib/gdm3/gdm-x-session[1466]: (Information) XINPUT: Adding extended input device "Video Bus" (type: KEYBOARD, id 7)
Oct 24 20:25:42 gheman-PC /usr/lib/gdm3/gdm-x-session[1466]: (Information) event9  - Video Bus: is tagged by udev as: Keyboard
Oct 24 20:25:42 gheman-PC /usr/lib/gdm3/gdm-x-session[1466]: (Information) event9  - Video Bus: device is a keyboard
Oct 24 20:25:42 gheman-PC /usr/lib/gdm3/gdm-x-session[1466]: (Information) config/udev: Adding input device Video Bus (/dev/input/event8)
Oct 24 20:25:42 gheman-PC /usr/lib/gdm3/gdm-x-session[1466]: (Information) Using input driver 'libinput' for 'Video Bus'
Oct 24 20:25:42 gheman-PC /usr/lib/gdm3/gdm-x-session[1466]: (Information) systemd-logind: got fd for /dev/input/event8 13:72 fd 27 paused 0
Oct 24 20:25:42 gheman-PC /usr/lib/gdm3/gdm-x-session[1466]: (Information) event8  - Video Bus: is tagged by udev as: Keyboard
Oct 24 20:25:42 gheman-PC /usr/lib/gdm3/gdm-x-session[1466]: (Information) event8  - Video Bus: device is a keyboard
Oct 24 20:25:42 gheman-PC /usr/lib/gdm3/gdm-x-session[1466]: (Information) event8  - Video Bus: device removed
Oct 24 20:25:42 gheman-PC /usr/lib/gdm3/gdm-x-session[1466]: (Information) XINPUT: Adding extended input device "Video Bus" (type: KEYBOARD, id 8)
Oct 24 20:25:42 gheman-PC /usr/lib/gdm3/gdm-x-session[1466]: (Information) event8  - Video Bus: is tagged by udev as: Keyboard
Oct 24 20:25:42 gheman-PC /usr/lib/gdm3/gdm-x-session[1466]: (Information) event8  - Video Bus: device is a keyboard
Oct 24 20:25:42 gheman-PC /usr/lib/gdm3/gdm-x-session[1466]: (Information) config/udev: Adding input device Power Button (/dev/input/event1)
Oct 24 20:25:42 gheman-PC /usr/lib/gdm3/gdm-x-session[1466]: (Information) Using input driver 'libinput' for 'Power Button'
Oct 24 20:25:42 gheman-PC /usr/lib/gdm3/gdm-x-session[1466]: (Information) systemd-logind: got fd for /dev/input/event1 13:65 fd 28 paused 0
Oct 24 20:25:42 gheman-PC /usr/lib/gdm3/gdm-x-session[1466]: (Information) event1  - Power Button: is tagged by udev as: Keyboard
Oct 24 20:25:42 gheman-PC /usr/lib/gdm3/gdm-x-session[1466]: (Information) event1  - Power Button: device is a keyboard
Oct 24 20:25:42 gheman-PC /usr/lib/gdm3/gdm-x-session[1466]: (Information) event1  - Power Button: device removed
Oct 24 20:25:42 gheman-PC /usr/lib/gdm3/gdm-x-session[1466]: (Information) XINPUT: Adding extended input device "Power Button" (type: KEYBOARD, id 9)
Oct 24 20:25:42 gheman-PC /usr/lib/gdm3/gdm-x-session[1466]: (Information) event1  - Power Button: is tagged by udev as: Keyboard
Oct 24 20:25:42 gheman-PC /usr/lib/gdm3/gdm-x-session[1466]: (Information) event1  - Power Button: device is a keyboard
Oct 24 20:25:42 gheman-PC /usr/lib/gdm3/gdm-x-session[1466]: (Information) config/udev: Adding input device Lid Switch (/dev/input/event0)
Oct 24 20:25:42 gheman-PC /usr/lib/gdm3/gdm-x-session[1466]: (Information) No input driver specified, ignoring this device.
Oct 24 20:25:42 gheman-PC /usr/lib/gdm3/gdm-x-session[1466]: (Information) This device may have been added with another device file.
Oct 24 20:25:42 gheman-PC /usr/lib/gdm3/gdm-x-session[1466]: (Information) config/udev: Adding input device 2.4G Mouse (/dev/input/event4)
Oct 24 20:25:42 gheman-PC /usr/lib/gdm3/gdm-x-session[1466]: (Information) No input driver specified, ignoring this device.
Oct 24 20:25:42 gheman-PC /usr/lib/gdm3/gdm-x-session[1466]: (Information) This device may have been added with another device file.
Oct 24 20:25:42 gheman-PC /usr/lib/gdm3/gdm-x-session[1466]: (Information) config/udev: Adding input device 2.4G Mouse (/dev/input/event5)
Oct 24 20:25:42 gheman-PC /usr/lib/gdm3/gdm-x-session[1466]: (Information) Using input driver 'libinput' for '2.4G Mouse'
Oct 24 20:25:42 gheman-PC /usr/lib/gdm3/gdm-x-session[1466]: (Information) systemd-logind: got fd for /dev/input/event5 13:69 fd 29 paused 0
Oct 24 20:25:42 gheman-PC /usr/lib/gdm3/gdm-x-session[1466]: (Information) event5  - 2.4G Mouse: is tagged by udev as: Mouse
Oct 24 20:25:42 gheman-PC /usr/lib/gdm3/gdm-x-session[1466]: (Information) event5  - 2.4G Mouse: device is a pointer
Oct 24 20:25:42 gheman-PC /usr/lib/gdm3/gdm-x-session[1466]: (Information) event5  - 2.4G Mouse: device removed
Oct 24 20:25:42 gheman-PC /usr/lib/gdm3/gdm-x-session[1466]: (Information) XINPUT: Adding extended input device "2.4G Mouse" (type: MOUSE, id 10)
Oct 24 20:25:42 gheman-PC /usr/lib/gdm3/gdm-x-session[1466]: (Information) event5  - 2.4G Mouse: is tagged by udev as: Mouse
Oct 24 20:25:42 gheman-PC /usr/lib/gdm3/gdm-x-session[1466]: (Information) event5  - 2.4G Mouse: device is a pointer
Oct 24 20:25:42 gheman-PC /usr/lib/gdm3/gdm-x-session[1466]: (Information) config/udev: Adding input device 2.4G Mouse (/dev/input/mouse0)
Oct 24 20:25:42 gheman-PC /usr/lib/gdm3/gdm-x-session[1466]: (Information) No input driver specified, ignoring this device.
Oct 24 20:25:42 gheman-PC /usr/lib/gdm3/gdm-x-session[1466]: (Information) This device may have been added with another device file.
Oct 24 20:25:42 gheman-PC /usr/lib/gdm3/gdm-x-session[1466]: (Information) config/udev: Adding input device HDA Intel PCH Mic (/dev/input/event11)
Oct 24 20:25:42 gheman-PC /usr/lib/gdm3/gdm-x-session[1466]: (Information) No input driver specified, ignoring this device.
Oct 24 20:25:42 gheman-PC /usr/lib/gdm3/gdm-x-session[1466]: (Information) This device may have been added with another device file.
Oct 24 20:25:42 gheman-PC /usr/lib/gdm3/gdm-x-session[1466]: (Information) config/udev: Adding input device HDA Intel PCH Front Headphone (/dev/input/event12)
Oct 24 20:25:42 gheman-PC /usr/lib/gdm3/gdm-x-session[1466]: (Information) No input driver specified, ignoring this device.
Oct 24 20:25:42 gheman-PC /usr/lib/gdm3/gdm-x-session[1466]: (Information) This device may have been added with another device file.
Oct 24 20:25:42 gheman-PC /usr/lib/gdm3/gdm-x-session[1466]: (Information) config/udev: Adding input device HDA Intel PCH HDMI/DP,pcm=3 (/dev/input/event13)
Oct 24 20:25:42 gheman-PC /usr/lib/gdm3/gdm-x-session[1466]: (Information) No input driver specified, ignoring this device.
Oct 24 20:25:42 gheman-PC /usr/lib/gdm3/gdm-x-session[1466]: (Information) This device may have been added with another device file.
Oct 24 20:25:42 gheman-PC /usr/lib/gdm3/gdm-x-session[1466]: (Information) config/udev: Adding input device HP Webcam-101: HP Webcam-101 (/dev/input/event10)
Oct 24 20:25:42 gheman-PC /usr/lib/gdm3/gdm-x-session[1466]: (Information) Using input driver 'libinput' for 'HP Webcam-101: HP Webcam-101'
Oct 24 20:25:42 gheman-PC /usr/lib/gdm3/gdm-x-session[1466]: (Information) systemd-logind: got fd for /dev/input/event10 13:74 fd 30 paused 0
Oct 24 20:25:42 gheman-PC /usr/lib/gdm3/gdm-x-session[1466]: (Information) event10 - HP Webcam-101: HP Webcam-101: is tagged by udev as: Keyboard
Oct 24 20:25:42 gheman-PC /usr/lib/gdm3/gdm-x-session[1466]: (Information) event10 - HP Webcam-101: HP Webcam-101: device is a keyboard
Oct 24 20:25:42 gheman-PC /usr/lib/gdm3/gdm-x-session[1466]: (Information) event10 - HP Webcam-101: HP Webcam-101: device removed
Oct 24 20:25:42 gheman-PC /usr/lib/gdm3/gdm-x-session[1466]: (Information) XINPUT: Adding extended input device "HP Webcam-101: HP Webcam-101" (type: KEYBOARD, id 11)
Oct 24 20:25:42 gheman-PC /usr/lib/gdm3/gdm-x-session[1466]: (Information) event10 - HP Webcam-101: HP Webcam-101: is tagged by udev as: Keyboard
Oct 24 20:25:42 gheman-PC /usr/lib/gdm3/gdm-x-session[1466]: (Information) event10 - HP Webcam-101: HP Webcam-101: device is a keyboard
Oct 24 20:25:42 gheman-PC /usr/lib/gdm3/gdm-x-session[1466]: (Information) config/udev: Adding input device AT Translated Set 2 keyboard (/dev/input/event3)
Oct 24 20:25:42 gheman-PC /usr/lib/gdm3/gdm-x-session[1466]: (Information) Using input driver 'libinput' for 'AT Translated Set 2 keyboard'
Oct 24 20:25:42 gheman-PC /usr/lib/gdm3/gdm-x-session[1466]: (Information) systemd-logind: got fd for /dev/input/event3 13:67 fd 31 paused 0
Oct 24 20:25:42 gheman-PC /usr/lib/gdm3/gdm-x-session[1466]: (Information) event3  - AT Translated Set 2 keyboard: is tagged by udev as: Keyboard
Oct 24 20:25:42 gheman-PC /usr/lib/gdm3/gdm-x-session[1466]: (Information) event3  - AT Translated Set 2 keyboard: device is a keyboard
Oct 24 20:25:42 gheman-PC /usr/lib/gdm3/gdm-x-session[1466]: (Information) event3  - AT Translated Set 2 keyboard: device removed
Oct 24 20:25:42 gheman-PC /usr/lib/gdm3/gdm-x-session[1466]: (Information) XINPUT: Adding extended input device "AT Translated Set 2 keyboard" (type: KEYBOARD, id 12)
Oct 24 20:25:42 gheman-PC /usr/lib/gdm3/gdm-x-session[1466]: (Information) event3  - AT Translated Set 2 keyboard: is tagged by udev as: Keyboard
Oct 24 20:25:42 gheman-PC /usr/lib/gdm3/gdm-x-session[1466]: (Information) event3  - AT Translated Set 2 keyboard: device is a keyboard
Oct 24 20:25:42 gheman-PC /usr/lib/gdm3/gdm-x-session[1466]: (Information) config/udev: Adding input device SynPS/2 Synaptics TouchPad (/dev/input/event6)
Oct 24 20:25:42 gheman-PC /usr/lib/gdm3/gdm-x-session[1466]: (Information) Using input driver 'libinput' for 'SynPS/2 Synaptics TouchPad'
Oct 24 20:25:42 gheman-PC /usr/lib/gdm3/gdm-x-session[1466]: (Information) systemd-logind: got fd for /dev/input/event6 13:70 fd 32 paused 0
Oct 24 20:25:42 gheman-PC /usr/lib/gdm3/gdm-x-session[1466]: (Information) event6  - SynPS/2 Synaptics TouchPad: is tagged by udev as: Touchpad
Oct 24 20:25:42 gheman-PC /usr/lib/gdm3/gdm-x-session[1466]: (Information) event6  - SynPS/2 Synaptics TouchPad: device is a touchpad
Oct 24 20:25:42 gheman-PC /usr/lib/gdm3/gdm-x-session[1466]: (Information) event6  - SynPS/2 Synaptics TouchPad: device removed
Oct 24 20:25:42 gheman-PC /usr/lib/gdm3/gdm-x-session[1466]: (Information) XINPUT: Adding extended input device "SynPS/2 Synaptics TouchPad" (type: TOUCHPAD, id 13)
Oct 24 20:25:42 gheman-PC /usr/lib/gdm3/gdm-x-session[1466]: (Information) event6  - SynPS/2 Synaptics TouchPad: is tagged by udev as: Touchpad
Oct 24 20:25:42 gheman-PC /usr/lib/gdm3/gdm-x-session[1466]: (Information) event6  - SynPS/2 Synaptics TouchPad: device is a touchpad
Oct 24 20:25:42 gheman-PC /usr/lib/gdm3/gdm-x-session[1466]: (Information) config/udev: Adding input device SynPS/2 Synaptics TouchPad (/dev/input/mouse1)
Oct 24 20:25:42 gheman-PC /usr/lib/gdm3/gdm-x-session[1466]: (Information) No input driver specified, ignoring this device.
Oct 24 20:25:42 gheman-PC /usr/lib/gdm3/gdm-x-session[1466]: (Information) This device may have been added with another device file.
Oct 24 20:25:42 gheman-PC /usr/lib/gdm3/gdm-x-session[1466]: (Information) config/udev: Adding input device HP WMI hotkeys (/dev/input/event7)
Oct 24 20:25:42 gheman-PC /usr/lib/gdm3/gdm-x-session[1466]: (Information) Using input driver 'libinput' for 'HP WMI hotkeys'
Oct 24 20:25:42 gheman-PC /usr/lib/gdm3/gdm-x-session[1466]: (Information) systemd-logind: got fd for /dev/input/event7 13:71 fd 33 paused 0
Oct 24 20:25:42 gheman-PC /usr/lib/gdm3/gdm-x-session[1466]: (Information) event7  - HP WMI hotkeys: is tagged by udev as: Keyboard Switch
Oct 24 20:25:42 gheman-PC /usr/lib/gdm3/gdm-x-session[1466]: (Information) event7  - HP WMI hotkeys: device is a keyboard
Oct 24 20:25:42 gheman-PC /usr/lib/gdm3/gdm-x-session[1466]: (Information) event7  - HP WMI hotkeys: device removed
Oct 24 20:25:42 gheman-PC /usr/lib/gdm3/gdm-x-session[1466]: (Information) XINPUT: Adding extended input device "HP WMI hotkeys" (type: KEYBOARD, id 14)
Oct 24 20:25:42 gheman-PC /usr/lib/gdm3/gdm-x-session[1466]: (Information) event7  - HP WMI hotkeys: is tagged by udev as: Keyboard Switch
Oct 24 20:25:42 gheman-PC /usr/lib/gdm3/gdm-x-session[1466]: (Information) event7  - HP WMI hotkeys: device is a keyboard
Oct 24 20:25:44 gheman-PC /usr/lib/gdm3/gdm-x-session[1466]: (Information) modeset(0): EDID vendor "AUO", prod id 8940
Oct 24 20:25:44 gheman-PC /usr/lib/gdm3/gdm-x-session[1466]: (Information) modeset(0): Printing DDC gathered Modelines:
Oct 24 20:25:44 gheman-PC /usr/lib/gdm3/gdm-x-session[1466]: (Information) modeset(0): Modeline "1366x768"x0.0   69.30  1366 1398 1422 1432  768 771 775 806 -hsync -vsync (48.4 kHz eP)
Oct 24 20:27:29 gheman-PC /usr/lib/gdm3/gdm-x-session[1466]: (Information) Axis 0x1 value 1247 is outside expected range [1248, 4757]
Oct 24 21:19:55 gheman-PC /usr/lib/gdm3/gdm-x-session[1466]: (Information) Axis 0x1 value 1237 is outside expected range [1248, 4757]
Oct 24 22:10:08 gheman-PC /usr/lib/gdm3/gdm-x-session[1466]: (Information) Axis 0x1 value 1238 is outside expected range [1248, 4757]
Oct 24 23:00:22 gheman-PC /usr/lib/gdm3/gdm-x-session[1466]: (Information) Axis 0x1 value 1199 is outside expected range [1248, 4757]
Oct 24 23:53:15 gheman-PC /usr/lib/gdm3/gdm-x-session[1466]: (Information) Axis 0x1 value 1240 is outside expected range [1248, 4757]
Oct 24 20:24:21 gheman-PC NetworkManager[985]: <info>  [1571937861.5491] manager[0x56389bedd060]: rfkill: WarningAN hardware radio set enabled
Oct 24 20:24:23 gheman-PC NetworkManager[985]: <info>  [1571937863.0592] manager: rfkill: WarningAN enabled by radio killswitch; enabled by state file
Oct 24 20:25:41 gheman-PC /usr/lib/gdm3/gdm-x-session[1466]: #011(Warning) warning, (EE) error, (NI) not implemented, (??) unknown.
Oct 24 20:25:41 gheman-PC /usr/lib/gdm3/gdm-x-session[1466]: (Warning) The directory "/usr/share/fonts/X11/cyrillic" does not exist.
Oct 24 20:25:41 gheman-PC /usr/lib/gdm3/gdm-x-session[1466]: (Warning) The directory "/usr/share/fonts/X11/100dpi/" does not exist.
Oct 24 20:25:41 gheman-PC /usr/lib/gdm3/gdm-x-session[1466]: (Warning) The directory "/usr/share/fonts/X11/75dpi/" does not exist.
Oct 24 20:25:41 gheman-PC /usr/lib/gdm3/gdm-x-session[1466]: (Warning) The directory "/usr/share/fonts/X11/100dpi" does not exist.
Oct 24 20:25:41 gheman-PC /usr/lib/gdm3/gdm-x-session[1466]: (Warning) The directory "/usr/share/fonts/X11/75dpi" does not exist.
Oct 24 20:25:41 gheman-PC /usr/lib/gdm3/gdm-x-session[1466]: (Warning) Falling back to old probe method for fbdev
Oct 24 20:25:41 gheman-PC /usr/lib/gdm3/gdm-x-session[1466]: (Warning) VGA arbiter: cannot open kernel arbiter, no multi-card support
Oct 24 20:25:42 gheman-PC /usr/lib/gdm3/gdm-x-session[1466]: (Warning) RADEON(G0): Direct rendering disabled
